

*******************************************************************************
Thu Mar 29 09:35:15 2018


FIT:    data read from 'stablesdata.dat' u 1:2
        format = x:z
        #datapoints = 255
        residuals are weighted equally (unit weight)

function used for fitting: f(x)
fitted parameters initialized with current variable values



 Iteration 0
 WSSR        : 1.31203e+06       delta(WSSR)/WSSR   : 0
 delta(WSSR) : 0                 limit for stopping : 1e-05
 lambda	  : 442.67

initial set of free parameter values

a               = 1
b               = 1

After 5 iterations the fit converged.
final sum of squares of residuals : 188.369
rel. change during last iteration : -2.18177e-13

degrees of freedom    (FIT_NDF)                        : 253
rms of residuals      (FIT_STDFIT) = sqrt(WSSR/ndf)    : 0.862868
variance of residuals (reduced chisquare) = WSSR/ndf   : 0.744542

Final set of parameters            Asymptotic Standard Error
=======================            ==========================

a               = 0.708817         +/- 0.01076      (1.519%)
b               = 0.892107         +/- 0.003039     (0.3407%)


correlation matrix of the fit parameters:

               a      b      
a               1.000 
b              -0.998  1.000 
