

*******************************************************************************
Sat Mar 31 10:12:13 2018


FIT:    data read from 'carbon375.dat' u 1:2
        format = x:z
        #datapoints = 38
        residuals are weighted equally (unit weight)

function used for fitting: f(x)
fitted parameters initialized with current variable values



 Iteration 0
 WSSR        : 0.000611905       delta(WSSR)/WSSR   : 0
 delta(WSSR) : 0                 limit for stopping : 1e-05
 lambda	  : 1.02989e+38

initial set of free parameter values

a               = 1
b               = 1

After 1 iterations the fit converged.
final sum of squares of residuals : 0.000611905
rel. change during last iteration : 0

degrees of freedom    (FIT_NDF)                        : 36
rms of residuals      (FIT_STDFIT) = sqrt(WSSR/ndf)    : 0.00412279
variance of residuals (reduced chisquare) = WSSR/ndf   : 1.69974e-05

BREAK:          Singular matrix in Invert_RtR

